{"D:\\AMD SLIGHTSHORT\\healthy-food-app\\src\\server.js": {"path":"D:\\AMD SLIGHTSHORT\\healthy-food-app\\src\\server.js","statementMap":{"0":{"start":{"line":1,"column":16},"end":{"line":1,"column":34}},"1":{"start":{"line":2,"column":13},"end":{"line":2,"column":28}},"2":{"start":{"line":3,"column":15},"end":{"line":3,"column":32}},"3":{"start":{"line":4,"column":15},"end":{"line":4,"column":32}},"4":{"start":{"line":5,"column":13},"end":{"line":5,"column":28}},"5":{"start":{"line":6,"column":18},"end":{"line":6,"column":41}},"6":{"start":{"line":8,"column":12},"end":{"line":8,"column":21}},"7":{"start":{"line":9,"column":13},"end":{"line":9,"column":37}},"8":{"start":{"line":12,"column":0},"end":{"line":22,"column":4}},"9":{"start":{"line":23,"column":0},"end":{"line":23,"column":16}},"10":{"start":{"line":24,"column":0},"end":{"line":24,"column":24}},"11":{"start":{"line":25,"column":0},"end":{"line":25,"column":23}},"12":{"start":{"line":28,"column":0},"end":{"line":28,"column":59}},"13":{"start":{"line":31,"column":0},"end":{"line":31,"column":27}},"14":{"start":{"line":34,"column":0},"end":{"line":36,"column":3}},"15":{"start":{"line":35,"column":2},"end":{"line":35,"column":61}},"16":{"start":{"line":39,"column":0},"end":{"line":42,"column":3}},"17":{"start":{"line":40,"column":2},"end":{"line":40,"column":27}},"18":{"start":{"line":41,"column":2},"end":{"line":41,"column":81}},"19":{"start":{"line":44,"column":0},"end":{"line":48,"column":1}},"20":{"start":{"line":45,"column":2},"end":{"line":47,"column":5}},"21":{"start":{"line":46,"column":4},"end":{"line":46,"column":65}},"22":{"start":{"line":50,"column":0},"end":{"line":50,"column":21}}},"fnMap":{"0":{"name":"(anonymous_0)","decl":{"start":{"line":34,"column":16},"end":{"line":34,"column":17}},"loc":{"start":{"line":34,"column":30},"end":{"line":36,"column":1}},"line":34},"1":{"name":"(anonymous_1)","decl":{"start":{"line":39,"column":8},"end":{"line":39,"column":9}},"loc":{"start":{"line":39,"column":33},"end":{"line":42,"column":1}},"line":39},"2":{"name":"(anonymous_2)","decl":{"start":{"line":45,"column":19},"end":{"line":45,"column":20}},"loc":{"start":{"line":45,"column":25},"end":{"line":47,"column":3}},"line":45}},"branchMap":{"0":{"loc":{"start":{"line":9,"column":13},"end":{"line":9,"column":37}},"type":"binary-expr","locations":[{"start":{"line":9,"column":13},"end":{"line":9,"column":29}},{"start":{"line":9,"column":33},"end":{"line":9,"column":37}}],"line":9},"1":{"loc":{"start":{"line":44,"column":0},"end":{"line":48,"column":1}},"type":"if","locations":[{"start":{"line":44,"column":0},"end":{"line":48,"column":1}},{"start":{},"end":{}}],"line":44}},"s":{"0":2,"1":2,"2":2,"3":2,"4":2,"5":2,"6":2,"7":2,"8":2,"9":2,"10":2,"11":2,"12":2,"13":2,"14":2,"15":0,"16":2,"17":0,"18":0,"19":2,"20":0,"21":0,"22":2},"f":{"0":0,"1":0,"2":0},"b":{"0":[2,2],"1":[0,2]},"_coverageSchema":"1a1c01bbd47fc00a2c39e90264f33305004495a9","hash":"2c7063dd8ed23327f9ebc5fc4512fc5fbbec7907"}
,"D:\\AMD SLIGHTSHORT\\healthy-food-app\\src\\controllers\\recommendationController.js": {"path":"D:\\AMD SLIGHTSHORT\\healthy-food-app\\src\\controllers\\recommendationController.js","statementMap":{"0":{"start":{"line":1,"column":23},"end":{"line":1,"column":60}},"1":{"start":{"line":4,"column":27},"end":{"line":63,"column":1}},"2":{"start":{"line":5,"column":2},"end":{"line":62,"column":3}},"3":{"start":{"line":6,"column":64},"end":{"line":6,"column":72}},"4":{"start":{"line":9,"column":48},"end":{"line":13,"column":6}},"5":{"start":{"line":16,"column":26},"end":{"line":16,"column":28}},"6":{"start":{"line":19,"column":4},"end":{"line":26,"column":5}},"7":{"start":{"line":20,"column":6},"end":{"line":20,"column":118}},"8":{"start":{"line":21,"column":6},"end":{"line":21,"column":117}},"9":{"start":{"line":22,"column":11},"end":{"line":26,"column":5}},"10":{"start":{"line":23,"column":6},"end":{"line":23,"column":123}},"11":{"start":{"line":25,"column":6},"end":{"line":25,"column":122}},"12":{"start":{"line":29,"column":4},"end":{"line":32,"column":5}},"13":{"start":{"line":30,"column":6},"end":{"line":30,"column":120}},"14":{"start":{"line":30,"column":55},"end":{"line":30,"column":118}},"15":{"start":{"line":31,"column":6},"end":{"line":31,"column":120}},"16":{"start":{"line":35,"column":24},"end":{"line":35,"column":61}},"17":{"start":{"line":36,"column":4},"end":{"line":39,"column":5}},"18":{"start":{"line":37,"column":6},"end":{"line":37,"column":84}},"19":{"start":{"line":38,"column":6},"end":{"line":38,"column":116}},"20":{"start":{"line":42,"column":25},"end":{"line":55,"column":5}},"21":{"start":{"line":57,"column":4},"end":{"line":57,"column":46}},"22":{"start":{"line":60,"column":4},"end":{"line":60,"column":50}},"23":{"start":{"line":61,"column":4},"end":{"line":61,"column":82}},"24":{"start":{"line":65,"column":0},"end":{"line":67,"column":2}}},"fnMap":{"0":{"name":"(anonymous_0)","decl":{"start":{"line":4,"column":27},"end":{"line":4,"column":28}},"loc":{"start":{"line":4,"column":47},"end":{"line":63,"column":1}},"line":4},"1":{"name":"(anonymous_1)","decl":{"start":{"line":30,"column":47},"end":{"line":30,"column":48}},"loc":{"start":{"line":30,"column":55},"end":{"line":30,"column":118}},"line":30}},"branchMap":{"0":{"loc":{"start":{"line":10,"column":36},"end":{"line":10,"column":60}},"type":"binary-expr","locations":[{"start":{"line":10,"column":36},"end":{"line":10,"column":42}},{"start":{"line":10,"column":46},"end":{"line":10,"column":60}}],"line":10},"1":{"loc":{"start":{"line":11,"column":38},"end":{"line":11,"column":62}},"type":"binary-expr","locations":[{"start":{"line":11,"column":38},"end":{"line":11,"column":44}},{"start":{"line":11,"column":48},"end":{"line":11,"column":62}}],"line":11},"2":{"loc":{"start":{"line":12,"column":43},"end":{"line":12,"column":62}},"type":"binary-expr","locations":[{"start":{"line":12,"column":43},"end":{"line":12,"column":51}},{"start":{"line":12,"column":55},"end":{"line":12,"column":62}}],"line":12},"3":{"loc":{"start":{"line":12,"column":64},"end":{"line":12,"column":86}},"type":"binary-expr","locations":[{"start":{"line":12,"column":64},"end":{"line":12,"column":73}},{"start":{"line":12,"column":77},"end":{"line":12,"column":86}}],"line":12},"4":{"loc":{"start":{"line":19,"column":4},"end":{"line":26,"column":5}},"type":"if","locations":[{"start":{"line":19,"column":4},"end":{"line":26,"column":5}},{"start":{"line":22,"column":11},"end":{"line":26,"column":5}}],"line":19},"5":{"loc":{"start":{"line":22,"column":11},"end":{"line":26,"column":5}},"type":"if","locations":[{"start":{"line":22,"column":11},"end":{"line":26,"column":5}},{"start":{"line":24,"column":11},"end":{"line":26,"column":5}}],"line":22},"6":{"loc":{"start":{"line":29,"column":4},"end":{"line":32,"column":5}},"type":"if","locations":[{"start":{"line":29,"column":4},"end":{"line":32,"column":5}},{"start":{},"end":{}}],"line":29},"7":{"loc":{"start":{"line":30,"column":55},"end":{"line":30,"column":118}},"type":"binary-expr","locations":[{"start":{"line":30,"column":55},"end":{"line":30,"column":85}},{"start":{"line":30,"column":89},"end":{"line":30,"column":118}}],"line":30},"8":{"loc":{"start":{"line":36,"column":4},"end":{"line":39,"column":5}},"type":"if","locations":[{"start":{"line":36,"column":4},"end":{"line":39,"column":5}},{"start":{},"end":{}}],"line":36}},"s":{"0":2,"1":2,"2":2,"3":2,"4":2,"5":2,"6":2,"7":1,"8":1,"9":1,"10":1,"11":0,"12":2,"13":2,"14":3,"15":2,"16":2,"17":2,"18":2,"19":2,"20":2,"21":2,"22":0,"23":0,"24":2},"f":{"0":2,"1":3},"b":{"0":[2,0],"1":[2,0],"2":[2,1],"3":[2,1],"4":[1,1],"5":[1,0],"6":[2,0],"7":[3,2],"8":[2,0]},"_coverageSchema":"1a1c01bbd47fc00a2c39e90264f33305004495a9","hash":"99f778402a49d1822eeae2ffe9e3fdb37a1861c3"}
,"D:\\AMD SLIGHTSHORT\\healthy-food-app\\src\\controllers\\userController.js": {"path":"D:\\AMD SLIGHTSHORT\\healthy-food-app\\src\\controllers\\userController.js","statementMap":{"0":{"start":{"line":1,"column":23},"end":{"line":1,"column":60}},"1":{"start":{"line":4,"column":16},"end":{"line":47,"column":1}},"2":{"start":{"line":5,"column":2},"end":{"line":46,"column":3}},"3":{"start":{"line":6,"column":44},"end":{"line":6,"column":52}},"4":{"start":{"line":8,"column":4},"end":{"line":10,"column":5}},"5":{"start":{"line":9,"column":6},"end":{"line":9,"column":71}},"6":{"start":{"line":13,"column":24},"end":{"line":13,"column":85}},"7":{"start":{"line":16,"column":23},"end":{"line":16,"column":24}},"8":{"start":{"line":17,"column":24},"end":{"line":17,"column":37}},"9":{"start":{"line":19,"column":4},"end":{"line":27,"column":5}},"10":{"start":{"line":20,"column":6},"end":{"line":20,"column":24}},"11":{"start":{"line":21,"column":6},"end":{"line":21,"column":30}},"12":{"start":{"line":22,"column":6},"end":{"line":22,"column":41}},"13":{"start":{"line":23,"column":6},"end":{"line":23,"column":130}},"14":{"start":{"line":26,"column":6},"end":{"line":26,"column":88}},"15":{"start":{"line":31,"column":4},"end":{"line":41,"column":7}},"16":{"start":{"line":44,"column":4},"end":{"line":44,"column":51}},"17":{"start":{"line":45,"column":4},"end":{"line":45,"column":66}},"18":{"start":{"line":49,"column":0},"end":{"line":51,"column":2}}},"fnMap":{"0":{"name":"(anonymous_0)","decl":{"start":{"line":4,"column":16},"end":{"line":4,"column":17}},"loc":{"start":{"line":4,"column":36},"end":{"line":47,"column":1}},"line":4}},"branchMap":{"0":{"loc":{"start":{"line":8,"column":4},"end":{"line":10,"column":5}},"type":"if","locations":[{"start":{"line":8,"column":4},"end":{"line":10,"column":5}},{"start":{},"end":{}}],"line":8},"1":{"loc":{"start":{"line":13,"column":60},"end":{"line":13,"column":84}},"type":"binary-expr","locations":[{"start":{"line":13,"column":60},"end":{"line":13,"column":66}},{"start":{"line":13,"column":70},"end":{"line":13,"column":84}}],"line":13},"2":{"loc":{"start":{"line":19,"column":4},"end":{"line":27,"column":5}},"type":"if","locations":[{"start":{"line":19,"column":4},"end":{"line":27,"column":5}},{"start":{"line":24,"column":11},"end":{"line":27,"column":5}}],"line":19}},"s":{"0":2,"1":2,"2":3,"3":3,"4":3,"5":1,"6":2,"7":2,"8":2,"9":2,"10":1,"11":1,"12":1,"13":1,"14":1,"15":2,"16":0,"17":0,"18":2},"f":{"0":3},"b":{"0":[1,2],"1":[2,0],"2":[1,1]},"_coverageSchema":"1a1c01bbd47fc00a2c39e90264f33305004495a9","hash":"f07dbed0d2d6507a7ea0f6f1f5e6c11731aceeb5"}
,"D:\\AMD SLIGHTSHORT\\healthy-food-app\\src\\routes\\api.js": {"path":"D:\\AMD SLIGHTSHORT\\healthy-food-app\\src\\routes\\api.js","statementMap":{"0":{"start":{"line":1,"column":16},"end":{"line":1,"column":34}},"1":{"start":{"line":2,"column":15},"end":{"line":2,"column":31}},"2":{"start":{"line":3,"column":33},"end":{"line":3,"column":83}},"3":{"start":{"line":4,"column":23},"end":{"line":4,"column":63}},"4":{"start":{"line":7,"column":0},"end":{"line":7,"column":77}},"5":{"start":{"line":8,"column":0},"end":{"line":8,"column":49}},"6":{"start":{"line":11,"column":0},"end":{"line":13,"column":3}},"7":{"start":{"line":12,"column":2},"end":{"line":12,"column":77}},"8":{"start":{"line":15,"column":0},"end":{"line":15,"column":24}}},"fnMap":{"0":{"name":"(anonymous_0)","decl":{"start":{"line":11,"column":22},"end":{"line":11,"column":23}},"loc":{"start":{"line":11,"column":36},"end":{"line":13,"column":1}},"line":11}},"branchMap":{},"s":{"0":2,"1":2,"2":2,"3":2,"4":2,"5":2,"6":2,"7":0,"8":2},"f":{"0":0},"b":{},"_coverageSchema":"1a1c01bbd47fc00a2c39e90264f33305004495a9","hash":"e036aceffa288b768f1fee5fdd92d000bc4883a6"}
,"D:\\AMD SLIGHTSHORT\\healthy-food-app\\src\\services\\googleServices.js": {"path":"D:\\AMD SLIGHTSHORT\\healthy-food-app\\src\\services\\googleServices.js","statementMap":{"0":{"start":{"line":8,"column":30},"end":{"line":35,"column":1}},"1":{"start":{"line":10,"column":2},"end":{"line":10,"column":57}},"2":{"start":{"line":10,"column":31},"end":{"line":10,"column":55}},"3":{"start":{"line":12,"column":2},"end":{"line":14,"column":3}},"4":{"start":{"line":13,"column":4},"end":{"line":13,"column":65}},"5":{"start":{"line":17,"column":2},"end":{"line":34,"column":4}},"6":{"start":{"line":38,"column":25},"end":{"line":48,"column":1}},"7":{"start":{"line":39,"column":2},"end":{"line":39,"column":57}},"8":{"start":{"line":39,"column":31},"end":{"line":39,"column":55}},"9":{"start":{"line":42,"column":2},"end":{"line":47,"column":4}},"10":{"start":{"line":51,"column":23},"end":{"line":64,"column":1}},"11":{"start":{"line":52,"column":2},"end":{"line":52,"column":57}},"12":{"start":{"line":52,"column":31},"end":{"line":52,"column":55}},"13":{"start":{"line":55,"column":2},"end":{"line":63,"column":4}},"14":{"start":{"line":66,"column":0},"end":{"line":70,"column":2}}},"fnMap":{"0":{"name":"(anonymous_0)","decl":{"start":{"line":8,"column":30},"end":{"line":8,"column":31}},"loc":{"start":{"line":8,"column":61},"end":{"line":35,"column":1}},"line":8},"1":{"name":"(anonymous_1)","decl":{"start":{"line":10,"column":20},"end":{"line":10,"column":21}},"loc":{"start":{"line":10,"column":31},"end":{"line":10,"column":55}},"line":10},"2":{"name":"(anonymous_2)","decl":{"start":{"line":38,"column":25},"end":{"line":38,"column":26}},"loc":{"start":{"line":38,"column":43},"end":{"line":48,"column":1}},"line":38},"3":{"name":"(anonymous_3)","decl":{"start":{"line":39,"column":20},"end":{"line":39,"column":21}},"loc":{"start":{"line":39,"column":31},"end":{"line":39,"column":55}},"line":39},"4":{"name":"(anonymous_4)","decl":{"start":{"line":51,"column":23},"end":{"line":51,"column":24}},"loc":{"start":{"line":51,"column":41},"end":{"line":64,"column":1}},"line":51},"5":{"name":"(anonymous_5)","decl":{"start":{"line":52,"column":20},"end":{"line":52,"column":21}},"loc":{"start":{"line":52,"column":31},"end":{"line":52,"column":55}},"line":52}},"branchMap":{"0":{"loc":{"start":{"line":12,"column":2},"end":{"line":14,"column":3}},"type":"if","locations":[{"start":{"line":12,"column":2},"end":{"line":14,"column":3}},{"start":{},"end":{}}],"line":12},"1":{"loc":{"start":{"line":12,"column":6},"end":{"line":12,"column":29}},"type":"binary-expr","locations":[{"start":{"line":12,"column":6},"end":{"line":12,"column":15}},{"start":{"line":12,"column":19},"end":{"line":12,"column":29}}],"line":12}},"s":{"0":2,"1":2,"2":2,"3":2,"4":0,"5":2,"6":2,"7":2,"8":2,"9":2,"10":2,"11":4,"12":4,"13":4,"14":2},"f":{"0":2,"1":2,"2":2,"3":2,"4":4,"5":4},"b":{"0":[0,2],"1":[2,2]},"_coverageSchema":"1a1c01bbd47fc00a2c39e90264f33305004495a9","hash":"1770ef3bbd270719aa8422688bf9eda7cf0fef2b"}
}
