TN:
SF:src\server.js
FN:34,(anonymous_0)
FN:39,(anonymous_1)
FN:45,(anonymous_2)
FNF:3
FNH:0
FNDA:0,(anonymous_0)
FNDA:0,(anonymous_1)
FNDA:0,(anonymous_2)
DA:1,2
DA:2,2
DA:3,2
DA:4,2
DA:5,2
DA:6,2
DA:8,2
DA:9,2
DA:12,2
DA:23,2
DA:24,2
DA:25,2
DA:28,2
DA:31,2
DA:34,2
DA:35,0
DA:39,2
DA:40,0
DA:41,0
DA:44,2
DA:45,0
DA:46,0
DA:50,2
LF:23
LH:18
BRDA:9,0,0,2
BRDA:9,0,1,2
BRDA:44,1,0,0
BRDA:44,1,1,2
BRF:4
BRH:3
end_of_record
TN:
SF:src\controllers\recommendationController.js
FN:4,(anonymous_0)
FN:30,(anonymous_1)
FNF:2
FNH:2
FNDA:2,(anonymous_0)
FNDA:3,(anonymous_1)
DA:1,2
DA:4,2
DA:5,2
DA:6,2
DA:9,2
DA:16,2
DA:19,2
DA:20,1
DA:21,1
DA:22,1
DA:23,1
DA:25,0
DA:29,2
DA:30,3
DA:31,2
DA:35,2
DA:36,2
DA:37,2
DA:38,2
DA:42,2
DA:57,2
DA:60,0
DA:61,0
DA:65,2
LF:24
LH:21
BRDA:10,0,0,2
BRDA:10,0,1,0
BRDA:11,1,0,2
BRDA:11,1,1,0
BRDA:12,2,0,2
BRDA:12,2,1,1
BRDA:12,3,0,2
BRDA:12,3,1,1
BRDA:19,4,0,1
BRDA:19,4,1,1
BRDA:22,5,0,1
BRDA:22,5,1,0
BRDA:29,6,0,2
BRDA:29,6,1,0
BRDA:30,7,0,3
BRDA:30,7,1,2
BRDA:36,8,0,2
BRDA:36,8,1,0
BRF:18
BRH:13
end_of_record
TN:
SF:src\controllers\userController.js
FN:4,(anonymous_0)
FNF:1
FNH:1
FNDA:3,(anonymous_0)
DA:1,2
DA:4,2
DA:5,3
DA:6,3
DA:8,3
DA:9,1
DA:13,2
DA:16,2
DA:17,2
DA:19,2
DA:20,1
DA:21,1
DA:22,1
DA:23,1
DA:26,1
DA:31,2
DA:44,0
DA:45,0
DA:49,2
LF:19
LH:17
BRDA:8,0,0,1
BRDA:8,0,1,2
BRDA:13,1,0,2
BRDA:13,1,1,0
BRDA:19,2,0,1
BRDA:19,2,1,1
BRF:6
BRH:5
end_of_record
TN:
SF:src\routes\api.js
FN:11,(anonymous_0)
FNF:1
FNH:0
FNDA:0,(anonymous_0)
DA:1,2
DA:2,2
DA:3,2
DA:4,2
DA:7,2
DA:8,2
DA:11,2
DA:12,0
DA:15,2
LF:9
LH:8
BRF:0
BRH:0
end_of_record
TN:
SF:src\services\googleServices.js
FN:8,(anonymous_0)
FN:10,(anonymous_1)
FN:38,(anonymous_2)
FN:39,(anonymous_3)
FN:51,(anonymous_4)
FN:52,(anonymous_5)
FNF:6
FNH:6
FNDA:2,(anonymous_0)
FNDA:2,(anonymous_1)
FNDA:2,(anonymous_2)
FNDA:2,(anonymous_3)
FNDA:4,(anonymous_4)
FNDA:4,(anonymous_5)
DA:8,2
DA:10,2
DA:12,2
DA:13,0
DA:17,2
DA:38,2
DA:39,2
DA:42,2
DA:51,2
DA:52,4
DA:55,4
DA:66,2
LF:12
LH:11
BRDA:12,0,0,0
BRDA:12,0,1,2
BRDA:12,1,0,2
BRDA:12,1,1,2
BRF:4
BRH:3
end_of_record
