{"D:\\AMD SLIGHTSHORT\\src\\server.js": {"path":"D:\\AMD SLIGHTSHORT\\src\\server.js","statementMap":{"0":{"start":{"line":6,"column":16},"end":{"line":6,"column":34}},"1":{"start":{"line":7,"column":13},"end":{"line":7,"column":28}},"2":{"start":{"line":8,"column":15},"end":{"line":8,"column":32}},"3":{"start":{"line":9,"column":15},"end":{"line":9,"column":32}},"4":{"start":{"line":10,"column":13},"end":{"line":10,"column":28}},"5":{"start":{"line":11,"column":18},"end":{"line":11,"column":47}},"6":{"start":{"line":12,"column":20},"end":{"line":12,"column":42}},"7":{"start":{"line":14,"column":18},"end":{"line":14,"column":41}},"8":{"start":{"line":16,"column":12},"end":{"line":16,"column":21}},"9":{"start":{"line":17,"column":13},"end":{"line":17,"column":37}},"10":{"start":{"line":24,"column":0},"end":{"line":24,"column":23}},"11":{"start":{"line":27,"column":0},"end":{"line":38,"column":4}},"12":{"start":{"line":41,"column":0},"end":{"line":41,"column":16}},"13":{"start":{"line":44,"column":16},"end":{"line":48,"column":2}},"14":{"start":{"line":49,"column":0},"end":{"line":49,"column":25}},"15":{"start":{"line":52,"column":0},"end":{"line":52,"column":41}},"16":{"start":{"line":54,"column":0},"end":{"line":54,"column":23}},"17":{"start":{"line":60,"column":0},"end":{"line":60,"column":59}},"18":{"start":{"line":61,"column":0},"end":{"line":61,"column":27}},"19":{"start":{"line":64,"column":0},"end":{"line":66,"column":3}},"20":{"start":{"line":65,"column":2},"end":{"line":65,"column":61}},"21":{"start":{"line":72,"column":0},"end":{"line":79,"column":3}},"22":{"start":{"line":73,"column":2},"end":{"line":73,"column":44}},"23":{"start":{"line":75,"column":2},"end":{"line":78,"column":5}},"24":{"start":{"line":81,"column":0},"end":{"line":85,"column":1}},"25":{"start":{"line":82,"column":2},"end":{"line":84,"column":5}},"26":{"start":{"line":83,"column":4},"end":{"line":83,"column":74}},"27":{"start":{"line":87,"column":0},"end":{"line":87,"column":21}}},"fnMap":{"0":{"name":"(anonymous_0)","decl":{"start":{"line":64,"column":16},"end":{"line":64,"column":17}},"loc":{"start":{"line":64,"column":30},"end":{"line":66,"column":1}},"line":64},"1":{"name":"(anonymous_1)","decl":{"start":{"line":72,"column":8},"end":{"line":72,"column":9}},"loc":{"start":{"line":72,"column":33},"end":{"line":79,"column":1}},"line":72},"2":{"name":"(anonymous_2)","decl":{"start":{"line":82,"column":19},"end":{"line":82,"column":20}},"loc":{"start":{"line":82,"column":25},"end":{"line":84,"column":3}},"line":82}},"branchMap":{"0":{"loc":{"start":{"line":17,"column":13},"end":{"line":17,"column":37}},"type":"binary-expr","locations":[{"start":{"line":17,"column":13},"end":{"line":17,"column":29}},{"start":{"line":17,"column":33},"end":{"line":17,"column":37}}],"line":17},"1":{"loc":{"start":{"line":75,"column":13},"end":{"line":75,"column":30}},"type":"binary-expr","locations":[{"start":{"line":75,"column":13},"end":{"line":75,"column":23}},{"start":{"line":75,"column":27},"end":{"line":75,"column":30}}],"line":75},"2":{"loc":{"start":{"line":77,"column":13},"end":{"line":77,"column":90}},"type":"cond-expr","locations":[{"start":{"line":77,"column":53},"end":{"line":77,"column":76}},{"start":{"line":77,"column":79},"end":{"line":77,"column":90}}],"line":77},"3":{"loc":{"start":{"line":81,"column":0},"end":{"line":85,"column":1}},"type":"if","locations":[{"start":{"line":81,"column":0},"end":{"line":85,"column":1}},{"start":{},"end":{}}],"line":81}},"s":{"0":2,"1":2,"2":2,"3":2,"4":2,"5":2,"6":2,"7":2,"8":2,"9":2,"10":2,"11":2,"12":2,"13":2,"14":2,"15":2,"16":2,"17":2,"18":2,"19":2,"20":0,"21":2,"22":0,"23":0,"24":2,"25":0,"26":0,"27":2},"f":{"0":0,"1":0,"2":0},"b":{"0":[2,2],"1":[0,0],"2":[0,0],"3":[0,2]},"_coverageSchema":"1a1c01bbd47fc00a2c39e90264f33305004495a9","hash":"cc8687457f41fb14adff7b3adbad9debccb7c808"}
,"D:\\AMD SLIGHTSHORT\\src\\controllers\\recommendationController.js": {"path":"D:\\AMD SLIGHTSHORT\\src\\controllers\\recommendationController.js","statementMap":{"0":{"start":{"line":6,"column":21},"end":{"line":6,"column":41}},"1":{"start":{"line":7,"column":23},"end":{"line":7,"column":60}},"2":{"start":{"line":10,"column":17},"end":{"line":13,"column":2}},"3":{"start":{"line":18,"column":27},"end":{"line":80,"column":1}},"4":{"start":{"line":19,"column":2},"end":{"line":79,"column":3}},"5":{"start":{"line":20,"column":125},"end":{"line":20,"column":133}},"6":{"start":{"line":23,"column":21},"end":{"line":23,"column":70}},"7":{"start":{"line":24,"column":4},"end":{"line":26,"column":5}},"8":{"start":{"line":25,"column":6},"end":{"line":25,"column":58}},"9":{"start":{"line":29,"column":20},"end":{"line":33,"column":6}},"10":{"start":{"line":36,"column":24},"end":{"line":36,"column":135}},"11":{"start":{"line":37,"column":21},"end":{"line":37,"column":88}},"12":{"start":{"line":38,"column":23},"end":{"line":38,"column":80}},"13":{"start":{"line":40,"column":26},"end":{"line":40,"column":28}},"14":{"start":{"line":43,"column":4},"end":{"line":50,"column":5}},"15":{"start":{"line":44,"column":6},"end":{"line":44,"column":118}},"16":{"start":{"line":45,"column":6},"end":{"line":45,"column":117}},"17":{"start":{"line":46,"column":11},"end":{"line":50,"column":5}},"18":{"start":{"line":47,"column":6},"end":{"line":47,"column":123}},"19":{"start":{"line":49,"column":6},"end":{"line":49,"column":122}},"20":{"start":{"line":53,"column":4},"end":{"line":56,"column":5}},"21":{"start":{"line":54,"column":6},"end":{"line":54,"column":120}},"22":{"start":{"line":54,"column":55},"end":{"line":54,"column":118}},"23":{"start":{"line":55,"column":6},"end":{"line":55,"column":129}},"24":{"start":{"line":59,"column":24},"end":{"line":59,"column":61}},"25":{"start":{"line":60,"column":4},"end":{"line":63,"column":5}},"26":{"start":{"line":61,"column":6},"end":{"line":61,"column":84}},"27":{"start":{"line":62,"column":6},"end":{"line":62,"column":116}},"28":{"start":{"line":65,"column":25},"end":{"line":70,"column":5}},"29":{"start":{"line":73,"column":4},"end":{"line":73,"column":41}},"30":{"start":{"line":75,"column":4},"end":{"line":75,"column":46}},"31":{"start":{"line":78,"column":4},"end":{"line":78,"column":16}},"32":{"start":{"line":82,"column":0},"end":{"line":86,"column":2}}},"fnMap":{"0":{"name":"(anonymous_0)","decl":{"start":{"line":18,"column":27},"end":{"line":18,"column":28}},"loc":{"start":{"line":18,"column":53},"end":{"line":80,"column":1}},"line":18},"1":{"name":"(anonymous_1)","decl":{"start":{"line":54,"column":47},"end":{"line":54,"column":48}},"loc":{"start":{"line":54,"column":55},"end":{"line":54,"column":118}},"line":54}},"branchMap":{"0":{"loc":{"start":{"line":20,"column":12},"end":{"line":20,"column":35}},"type":"default-arg","locations":[{"start":{"line":20,"column":21},"end":{"line":20,"column":35}}],"line":20},"1":{"loc":{"start":{"line":20,"column":37},"end":{"line":20,"column":55}},"type":"default-arg","locations":[{"start":{"line":20,"column":48},"end":{"line":20,"column":55}}],"line":20},"2":{"loc":{"start":{"line":20,"column":57},"end":{"line":20,"column":78}},"type":"default-arg","locations":[{"start":{"line":20,"column":69},"end":{"line":20,"column":78}}],"line":20},"3":{"loc":{"start":{"line":20,"column":80},"end":{"line":20,"column":101}},"type":"default-arg","locations":[{"start":{"line":20,"column":92},"end":{"line":20,"column":101}}],"line":20},"4":{"loc":{"start":{"line":20,"column":103},"end":{"line":20,"column":120}},"type":"default-arg","locations":[{"start":{"line":20,"column":113},"end":{"line":20,"column":120}}],"line":20},"5":{"loc":{"start":{"line":24,"column":4},"end":{"line":26,"column":5}},"type":"if","locations":[{"start":{"line":24,"column":4},"end":{"line":26,"column":5}},{"start":{},"end":{}}],"line":24},"6":{"loc":{"start":{"line":36,"column":24},"end":{"line":36,"column":135}},"type":"cond-expr","locations":[{"start":{"line":36,"column":60},"end":{"line":36,"column":76}},{"start":{"line":36,"column":79},"end":{"line":36,"column":135}}],"line":36},"7":{"loc":{"start":{"line":37,"column":21},"end":{"line":37,"column":88}},"type":"cond-expr","locations":[{"start":{"line":37,"column":57},"end":{"line":37,"column":73}},{"start":{"line":37,"column":76},"end":{"line":37,"column":88}}],"line":37},"8":{"loc":{"start":{"line":38,"column":23},"end":{"line":38,"column":80}},"type":"cond-expr","locations":[{"start":{"line":38,"column":59},"end":{"line":38,"column":75}},{"start":{"line":38,"column":78},"end":{"line":38,"column":80}}],"line":38},"9":{"loc":{"start":{"line":43,"column":4},"end":{"line":50,"column":5}},"type":"if","locations":[{"start":{"line":43,"column":4},"end":{"line":50,"column":5}},{"start":{"line":46,"column":11},"end":{"line":50,"column":5}}],"line":43},"10":{"loc":{"start":{"line":46,"column":11},"end":{"line":50,"column":5}},"type":"if","locations":[{"start":{"line":46,"column":11},"end":{"line":50,"column":5}},{"start":{"line":48,"column":11},"end":{"line":50,"column":5}}],"line":46},"11":{"loc":{"start":{"line":53,"column":4},"end":{"line":56,"column":5}},"type":"if","locations":[{"start":{"line":53,"column":4},"end":{"line":56,"column":5}},{"start":{},"end":{}}],"line":53},"12":{"loc":{"start":{"line":54,"column":55},"end":{"line":54,"column":118}},"type":"binary-expr","locations":[{"start":{"line":54,"column":55},"end":{"line":54,"column":85}},{"start":{"line":54,"column":89},"end":{"line":54,"column":118}}],"line":54},"13":{"loc":{"start":{"line":60,"column":4},"end":{"line":63,"column":5}},"type":"if","locations":[{"start":{"line":60,"column":4},"end":{"line":63,"column":5}},{"start":{},"end":{}}],"line":60}},"s":{"0":2,"1":2,"2":2,"3":2,"4":5,"5":5,"6":5,"7":5,"8":1,"9":4,"10":4,"11":4,"12":4,"13":4,"14":4,"15":2,"16":2,"17":2,"18":1,"19":1,"20":4,"21":2,"22":3,"23":2,"24":4,"25":4,"26":1,"27":1,"28":4,"29":4,"30":4,"31":0,"32":2},"f":{"0":5,"1":3},"b":{"0":[1],"1":[4],"2":[4],"3":[1],"4":[4],"5":[1,4],"6":[4,0],"7":[4,0],"8":[4,0],"9":[2,2],"10":[1,1],"11":[2,2],"12":[3,3],"13":[1,3]},"_coverageSchema":"1a1c01bbd47fc00a2c39e90264f33305004495a9","hash":"2c0a5c62d5774e3cbd8bd2b9e803412b0e663886"}
,"D:\\AMD SLIGHTSHORT\\src\\controllers\\userController.js": {"path":"D:\\AMD SLIGHTSHORT\\src\\controllers\\userController.js","statementMap":{"0":{"start":{"line":5,"column":23},"end":{"line":5,"column":60}},"1":{"start":{"line":10,"column":16},"end":{"line":47,"column":1}},"2":{"start":{"line":11,"column":2},"end":{"line":46,"column":3}},"3":{"start":{"line":12,"column":61},"end":{"line":12,"column":69}},"4":{"start":{"line":14,"column":24},"end":{"line":14,"column":67}},"5":{"start":{"line":16,"column":23},"end":{"line":16,"column":24}},"6":{"start":{"line":17,"column":24},"end":{"line":17,"column":37}},"7":{"start":{"line":20,"column":4},"end":{"line":28,"column":5}},"8":{"start":{"line":21,"column":6},"end":{"line":21,"column":24}},"9":{"start":{"line":22,"column":6},"end":{"line":22,"column":57}},"10":{"start":{"line":23,"column":6},"end":{"line":23,"column":68}},"11":{"start":{"line":24,"column":6},"end":{"line":24,"column":130}},"12":{"start":{"line":26,"column":6},"end":{"line":26,"column":29}},"13":{"start":{"line":27,"column":6},"end":{"line":27,"column":115}},"14":{"start":{"line":32,"column":4},"end":{"line":42,"column":7}},"15":{"start":{"line":45,"column":4},"end":{"line":45,"column":16}},"16":{"start":{"line":49,"column":0},"end":{"line":51,"column":2}}},"fnMap":{"0":{"name":"(anonymous_0)","decl":{"start":{"line":10,"column":16},"end":{"line":10,"column":17}},"loc":{"start":{"line":10,"column":42},"end":{"line":47,"column":1}},"line":10}},"branchMap":{"0":{"loc":{"start":{"line":12,"column":12},"end":{"line":12,"column":35}},"type":"default-arg","locations":[{"start":{"line":12,"column":21},"end":{"line":12,"column":35}}],"line":12},"1":{"loc":{"start":{"line":20,"column":4},"end":{"line":28,"column":5}},"type":"if","locations":[{"start":{"line":20,"column":4},"end":{"line":28,"column":5}},{"start":{"line":25,"column":11},"end":{"line":28,"column":5}}],"line":20},"2":{"loc":{"start":{"line":20,"column":8},"end":{"line":20,"column":50}},"type":"binary-expr","locations":[{"start":{"line":20,"column":8},"end":{"line":20,"column":26}},{"start":{"line":20,"column":30},"end":{"line":20,"column":50}}],"line":20},"3":{"loc":{"start":{"line":22,"column":28},"end":{"line":22,"column":51}},"type":"binary-expr","locations":[{"start":{"line":22,"column":28},"end":{"line":22,"column":46}},{"start":{"line":22,"column":50},"end":{"line":22,"column":51}}],"line":22},"4":{"loc":{"start":{"line":23,"column":28},"end":{"line":23,"column":51}},"type":"binary-expr","locations":[{"start":{"line":23,"column":28},"end":{"line":23,"column":46}},{"start":{"line":23,"column":50},"end":{"line":23,"column":51}}],"line":23}},"s":{"0":2,"1":2,"2":3,"3":3,"4":3,"5":3,"6":3,"7":3,"8":2,"9":2,"10":2,"11":2,"12":1,"13":1,"14":3,"15":0,"16":2},"f":{"0":3},"b":{"0":[0],"1":[2,1],"2":[3,1],"3":[2,0],"4":[2,0]},"_coverageSchema":"1a1c01bbd47fc00a2c39e90264f33305004495a9","hash":"c644a2e6ce4cc2c9e0d503bec49674f67dc89679"}
,"D:\\AMD SLIGHTSHORT\\src\\routes\\api.js": {"path":"D:\\AMD SLIGHTSHORT\\src\\routes\\api.js","statementMap":{"0":{"start":{"line":5,"column":16},"end":{"line":5,"column":34}},"1":{"start":{"line":6,"column":35},"end":{"line":6,"column":63}},"2":{"start":{"line":7,"column":15},"end":{"line":7,"column":31}},"3":{"start":{"line":9,"column":33},"end":{"line":9,"column":83}},"4":{"start":{"line":10,"column":23},"end":{"line":10,"column":63}},"5":{"start":{"line":13,"column":17},"end":{"line":19,"column":1}},"6":{"start":{"line":14,"column":17},"end":{"line":14,"column":38}},"7":{"start":{"line":15,"column":2},"end":{"line":17,"column":3}},"8":{"start":{"line":16,"column":4},"end":{"line":16,"column":60}},"9":{"start":{"line":18,"column":2},"end":{"line":18,"column":9}},"10":{"start":{"line":25,"column":0},"end":{"line":32,"column":48}},"11":{"start":{"line":34,"column":0},"end":{"line":39,"column":27}},"12":{"start":{"line":41,"column":0},"end":{"line":43,"column":3}},"13":{"start":{"line":42,"column":2},"end":{"line":42,"column":77}},"14":{"start":{"line":45,"column":0},"end":{"line":45,"column":24}}},"fnMap":{"0":{"name":"(anonymous_0)","decl":{"start":{"line":13,"column":17},"end":{"line":13,"column":18}},"loc":{"start":{"line":13,"column":37},"end":{"line":19,"column":1}},"line":13},"1":{"name":"(anonymous_1)","decl":{"start":{"line":41,"column":22},"end":{"line":41,"column":23}},"loc":{"start":{"line":41,"column":36},"end":{"line":43,"column":1}},"line":41}},"branchMap":{"0":{"loc":{"start":{"line":15,"column":2},"end":{"line":17,"column":3}},"type":"if","locations":[{"start":{"line":15,"column":2},"end":{"line":17,"column":3}},{"start":{},"end":{}}],"line":15}},"s":{"0":2,"1":2,"2":2,"3":2,"4":2,"5":2,"6":11,"7":11,"8":3,"9":8,"10":2,"11":2,"12":2,"13":0,"14":2},"f":{"0":11,"1":0},"b":{"0":[3,8]},"_coverageSchema":"1a1c01bbd47fc00a2c39e90264f33305004495a9","hash":"789a6ddc28569b61e8ae16f5f9bd457175039421"}
,"D:\\AMD SLIGHTSHORT\\src\\services\\googleServices.js": {"path":"D:\\AMD SLIGHTSHORT\\src\\services\\googleServices.js","statementMap":{"0":{"start":{"line":7,"column":21},"end":{"line":24,"column":1}},"1":{"start":{"line":29,"column":30},"end":{"line":57,"column":1}},"2":{"start":{"line":30,"column":2},"end":{"line":56,"column":5}},"3":{"start":{"line":31,"column":4},"end":{"line":55,"column":12}},"4":{"start":{"line":33,"column":6},"end":{"line":35,"column":7}},"5":{"start":{"line":34,"column":8},"end":{"line":34,"column":93}},"6":{"start":{"line":37,"column":6},"end":{"line":54,"column":9}},"7":{"start":{"line":62,"column":25},"end":{"line":73,"column":1}},"8":{"start":{"line":63,"column":2},"end":{"line":72,"column":5}},"9":{"start":{"line":64,"column":4},"end":{"line":71,"column":11}},"10":{"start":{"line":66,"column":6},"end":{"line":70,"column":7}},"11":{"start":{"line":67,"column":8},"end":{"line":67,"column":89}},"12":{"start":{"line":69,"column":8},"end":{"line":69,"column":89}},"13":{"start":{"line":78,"column":23},"end":{"line":101,"column":1}},"14":{"start":{"line":79,"column":2},"end":{"line":100,"column":5}},"15":{"start":{"line":80,"column":4},"end":{"line":99,"column":11}},"16":{"start":{"line":81,"column":6},"end":{"line":83,"column":7}},"17":{"start":{"line":82,"column":8},"end":{"line":82,"column":56}},"18":{"start":{"line":85,"column":22},"end":{"line":85,"column":42}},"19":{"start":{"line":86,"column":6},"end":{"line":98,"column":7}},"20":{"start":{"line":88,"column":8},"end":{"line":88,"column":53}},"21":{"start":{"line":90,"column":8},"end":{"line":97,"column":11}},"22":{"start":{"line":103,"column":0},"end":{"line":107,"column":2}}},"fnMap":{"0":{"name":"(anonymous_0)","decl":{"start":{"line":29,"column":30},"end":{"line":29,"column":31}},"loc":{"start":{"line":29,"column":61},"end":{"line":57,"column":1}},"line":29},"1":{"name":"(anonymous_1)","decl":{"start":{"line":30,"column":21},"end":{"line":30,"column":22}},"loc":{"start":{"line":30,"column":42},"end":{"line":56,"column":3}},"line":30},"2":{"name":"(anonymous_2)","decl":{"start":{"line":31,"column":15},"end":{"line":31,"column":16}},"loc":{"start":{"line":31,"column":21},"end":{"line":55,"column":5}},"line":31},"3":{"name":"(anonymous_3)","decl":{"start":{"line":62,"column":25},"end":{"line":62,"column":26}},"loc":{"start":{"line":62,"column":43},"end":{"line":73,"column":1}},"line":62},"4":{"name":"(anonymous_4)","decl":{"start":{"line":63,"column":21},"end":{"line":63,"column":22}},"loc":{"start":{"line":63,"column":34},"end":{"line":72,"column":3}},"line":63},"5":{"name":"(anonymous_5)","decl":{"start":{"line":64,"column":15},"end":{"line":64,"column":16}},"loc":{"start":{"line":64,"column":21},"end":{"line":71,"column":5}},"line":64},"6":{"name":"(anonymous_6)","decl":{"start":{"line":78,"column":23},"end":{"line":78,"column":24}},"loc":{"start":{"line":78,"column":41},"end":{"line":101,"column":1}},"line":78},"7":{"name":"(anonymous_7)","decl":{"start":{"line":79,"column":21},"end":{"line":79,"column":22}},"loc":{"start":{"line":79,"column":42},"end":{"line":100,"column":3}},"line":79},"8":{"name":"(anonymous_8)","decl":{"start":{"line":80,"column":15},"end":{"line":80,"column":16}},"loc":{"start":{"line":80,"column":21},"end":{"line":99,"column":5}},"line":80}},"branchMap":{"0":{"loc":{"start":{"line":33,"column":6},"end":{"line":35,"column":7}},"type":"if","locations":[{"start":{"line":33,"column":6},"end":{"line":35,"column":7}},{"start":{},"end":{}}],"line":33},"1":{"loc":{"start":{"line":33,"column":10},"end":{"line":33,"column":71}},"type":"binary-expr","locations":[{"start":{"line":33,"column":10},"end":{"line":33,"column":38}},{"start":{"line":33,"column":42},"end":{"line":33,"column":71}}],"line":33},"2":{"loc":{"start":{"line":66,"column":6},"end":{"line":70,"column":7}},"type":"if","locations":[{"start":{"line":66,"column":6},"end":{"line":70,"column":7}},{"start":{"line":68,"column":13},"end":{"line":70,"column":7}}],"line":66},"3":{"loc":{"start":{"line":81,"column":6},"end":{"line":83,"column":7}},"type":"if","locations":[{"start":{"line":81,"column":6},"end":{"line":83,"column":7}},{"start":{},"end":{}}],"line":81},"4":{"loc":{"start":{"line":86,"column":6},"end":{"line":98,"column":7}},"type":"if","locations":[{"start":{"line":86,"column":6},"end":{"line":98,"column":7}},{"start":{"line":89,"column":13},"end":{"line":98,"column":7}}],"line":86}},"s":{"0":2,"1":2,"2":4,"3":4,"4":4,"5":0,"6":4,"7":2,"8":4,"9":4,"10":4,"11":1,"12":3,"13":2,"14":7,"15":7,"16":7,"17":0,"18":7,"19":7,"20":6,"21":1,"22":2},"f":{"0":4,"1":4,"2":4,"3":4,"4":4,"5":4,"6":7,"7":7,"8":7},"b":{"0":[0,4],"1":[4,4],"2":[1,3],"3":[0,7],"4":[6,1]},"_coverageSchema":"1a1c01bbd47fc00a2c39e90264f33305004495a9","hash":"103a07ec7044e6e0ed9259f3e967bbb7fdc8b940"}
}
