TN:
SF:src\server.js
FN:64,(anonymous_0)
FN:72,(anonymous_1)
FN:82,(anonymous_2)
FNF:3
FNH:0
FNDA:0,(anonymous_0)
FNDA:0,(anonymous_1)
FNDA:0,(anonymous_2)
DA:6,2
DA:7,2
DA:8,2
DA:9,2
DA:10,2
DA:11,2
DA:12,2
DA:14,2
DA:16,2
DA:17,2
DA:24,2
DA:27,2
DA:41,2
DA:44,2
DA:49,2
DA:52,2
DA:54,2
DA:60,2
DA:61,2
DA:64,2
DA:65,0
DA:72,2
DA:73,0
DA:75,0
DA:81,2
DA:82,0
DA:83,0
DA:87,2
LF:28
LH:23
BRDA:17,0,0,2
BRDA:17,0,1,2
BRDA:75,1,0,0
BRDA:75,1,1,0
BRDA:77,2,0,0
BRDA:77,2,1,0
BRDA:81,3,0,0
BRDA:81,3,1,2
BRF:8
BRH:3
end_of_record
TN:
SF:src\controllers\recommendationController.js
FN:18,(anonymous_0)
FN:54,(anonymous_1)
FNF:2
FNH:2
FNDA:5,(anonymous_0)
FNDA:3,(anonymous_1)
DA:6,2
DA:7,2
DA:10,2
DA:18,2
DA:19,5
DA:20,5
DA:23,5
DA:24,5
DA:25,1
DA:29,4
DA:36,4
DA:37,4
DA:38,4
DA:40,4
DA:43,4
DA:44,2
DA:45,2
DA:46,2
DA:47,1
DA:49,1
DA:53,4
DA:54,3
DA:55,2
DA:59,4
DA:60,4
DA:61,1
DA:62,1
DA:65,4
DA:73,4
DA:75,4
DA:78,0
DA:82,2
LF:32
LH:31
BRDA:20,0,0,1
BRDA:20,1,0,4
BRDA:20,2,0,4
BRDA:20,3,0,1
BRDA:20,4,0,4
BRDA:24,5,0,1
BRDA:24,5,1,4
BRDA:36,6,0,4
BRDA:36,6,1,0
BRDA:37,7,0,4
BRDA:37,7,1,0
BRDA:38,8,0,4
BRDA:38,8,1,0
BRDA:43,9,0,2
BRDA:43,9,1,2
BRDA:46,10,0,1
BRDA:46,10,1,1
BRDA:53,11,0,2
BRDA:53,11,1,2
BRDA:54,12,0,3
BRDA:54,12,1,3
BRDA:60,13,0,1
BRDA:60,13,1,3
BRF:23
BRH:20
end_of_record
TN:
SF:src\controllers\userController.js
FN:10,(anonymous_0)
FNF:1
FNH:1
FNDA:3,(anonymous_0)
DA:5,2
DA:10,2
DA:11,3
DA:12,3
DA:14,3
DA:16,3
DA:17,3
DA:20,3
DA:21,2
DA:22,2
DA:23,2
DA:24,2
DA:26,1
DA:27,1
DA:32,3
DA:45,0
DA:49,2
LF:17
LH:16
BRDA:12,0,0,0
BRDA:20,1,0,2
BRDA:20,1,1,1
BRDA:20,2,0,3
BRDA:20,2,1,1
BRDA:22,3,0,2
BRDA:22,3,1,0
BRDA:23,4,0,2
BRDA:23,4,1,0
BRF:9
BRH:6
end_of_record
TN:
SF:src\routes\api.js
FN:13,(anonymous_0)
FN:41,(anonymous_1)
FNF:2
FNH:1
FNDA:11,(anonymous_0)
FNDA:0,(anonymous_1)
DA:5,2
DA:6,2
DA:7,2
DA:9,2
DA:10,2
DA:13,2
DA:14,11
DA:15,11
DA:16,3
DA:18,8
DA:25,2
DA:34,2
DA:41,2
DA:42,0
DA:45,2
LF:15
LH:14
BRDA:15,0,0,3
BRDA:15,0,1,8
BRF:2
BRH:2
end_of_record
TN:
SF:src\services\googleServices.js
FN:29,(anonymous_0)
FN:30,(anonymous_1)
FN:31,(anonymous_2)
FN:62,(anonymous_3)
FN:63,(anonymous_4)
FN:64,(anonymous_5)
FN:78,(anonymous_6)
FN:79,(anonymous_7)
FN:80,(anonymous_8)
FNF:9
FNH:9
FNDA:4,(anonymous_0)
FNDA:4,(anonymous_1)
FNDA:4,(anonymous_2)
FNDA:4,(anonymous_3)
FNDA:4,(anonymous_4)
FNDA:4,(anonymous_5)
FNDA:7,(anonymous_6)
FNDA:7,(anonymous_7)
FNDA:7,(anonymous_8)
DA:7,2
DA:29,2
DA:30,4
DA:31,4
DA:33,4
DA:34,0
DA:37,4
DA:62,2
DA:63,4
DA:64,4
DA:66,4
DA:67,1
DA:69,3
DA:78,2
DA:79,7
DA:80,7
DA:81,7
DA:82,0
DA:85,7
DA:86,7
DA:88,6
DA:90,1
DA:103,2
LF:23
LH:21
BRDA:33,0,0,0
BRDA:33,0,1,4
BRDA:33,1,0,4
BRDA:33,1,1,4
BRDA:66,2,0,1
BRDA:66,2,1,3
BRDA:81,3,0,0
BRDA:81,3,1,7
BRDA:86,4,0,6
BRDA:86,4,1,1
BRF:10
BRH:8
end_of_record
